<?xml version="1.0" encoding="UTF-8"?>
<!-- Generated by org.testng.reporters.JUnitXMLReporter -->
<testsuite ignored="0" hostname="xD" failures="0" tests="4" name="Test" time="96.587" errors="0" timestamp="2022-07-04T09:58:16 IST">
  <testcase classname="Academy.ValidateNavigationBar" name="basePageNavigation" time="0.081"/>
  <testcase classname="Academy.GetTitle" name="basePageNavigation" time="0.035"/>
  <testcase classname="Academy.HomePage" name="basePageNavigation" time="58.477"/>
  <testcase classname="Academy.HomePage" name="basePageNavigation" time="5.313"/>
</testsuite> <!-- Test -->
