<?xml version="1.0" encoding="UTF-8"?>
<!-- Generated by org.testng.reporters.JUnitXMLReporter -->
<testsuite ignored="0" hostname="xD" failures="1" tests="2" name="title validation" time="27.893" errors="0" timestamp="2022-07-11T10:33:57 IST">
  <testcase classname="Academy.GetTitle" name="validateHeader" time="0.003">
    <failure type="java.lang.NullPointerException" message="Cannot invoke &amp;quot;pageObjects.LandingPage.validateHeaderTitle()&amp;quot; because &amp;quot;this.l&amp;quot; is null">
      <![CDATA[java.lang.NullPointerException: Cannot invoke "pageObjects.LandingPage.validateHeaderTitle()" because "this.l" is null
at Academy.GetTitle.validateHeader(GetTitle.java:40)
at java.base/java.util.ArrayList.forEach(ArrayList.java:1511)
at java.base/java.util.concurrent.FutureTask.run(FutureTask.java:264)
at java.base/java.util.concurrent.ThreadPoolExecutor.runWorker(ThreadPoolExecutor.java:1136)
at java.base/java.util.concurrent.ThreadPoolExecutor$Worker.run(ThreadPoolExecutor.java:635)
at java.base/java.lang.Thread.run(Thread.java:833)
... Removed 15 stack frames]]>
    </failure>
  </testcase> <!-- validateHeader -->
  <testcase classname="Academy.GetTitle" name="validateTitle" time="0.051"/>
</testsuite> <!-- title validation -->
