<?xml version="1.0" encoding="UTF-8"?>
<!-- Generated by org.testng.reporters.JUnitXMLReporter -->
<testsuite ignored="0" hostname="xD" failures="0" tests="4" name="Test" time="78.355" errors="0" timestamp="2022-07-04T12:27:00 IST">
  <testcase classname="Academy.ValidateNavigationBar" name="basePageNavigation" time="0.062"/>
  <testcase classname="Academy.GetTitle" name="basePageNavigation" time="0.034"/>
  <testcase classname="Academy.HomePage" name="basePageNavigation" time="18.154"/>
  <testcase classname="Academy.HomePage" name="basePageNavigation" time="16.86"/>
</testsuite> <!-- Test -->
