<?xml version="1.0" encoding="UTF-8"?>
<!-- Generated by org.testng.reporters.JUnitXMLReporter -->
<testsuite ignored="0" hostname="xD" failures="1" tests="1" name="title validation" time="29.848" errors="0" timestamp="2022-07-08T10:48:09 IST">
  <testcase classname="Academy.GetTitle" name="validateTitle" time="0.099">
    <failure type="java.lang.AssertionError" message="expected [FEATUREDd COURSES] but found [FEATURED COURSES]">
      <![CDATA[java.lang.AssertionError: expected [FEATUREDd COURSES] but found [FEATURED COURSES]
at Academy.GetTitle.validateTitle(GetTitle.java:32)
at java.base/java.util.ArrayList.forEach(ArrayList.java:1511)
at java.base/java.util.concurrent.FutureTask.run(FutureTask.java:264)
at java.base/java.util.concurrent.ThreadPoolExecutor.runWorker(ThreadPoolExecutor.java:1136)
at java.base/java.util.concurrent.ThreadPoolExecutor$Worker.run(ThreadPoolExecutor.java:635)
at java.base/java.lang.Thread.run(Thread.java:833)
... Removed 21 stack frames]]>
    </failure>
  </testcase> <!-- validateTitle -->
</testsuite> <!-- title validation -->
