-------------------------------------------------------------------------------
Test set: TestSuite
-------------------------------------------------------------------------------
Tests run: 4, Failures: 1, Errors: 0, Skipped: 0, Time elapsed: 61.178 s <<< FAILURE! - in TestSuite
validateTitle(Academy.GetTitle)  Time elapsed: 0.525 s  <<< FAILURE!
java.lang.AssertionError: expected [FEATUREDd COURSES] but found [FEATURED COURSES]
	at Academy.GetTitle.validateTitle(GetTitle.java:32)

